Mon Feb 8 15:49:52 localhost:8888 REQUEST IN GET URI : /2eme_annee/Orchestra2/web/
Mon Feb 8 15:49:53 localhost:8888 REQUEST IN GET URI : /2eme_annee/Orchestra2/web/
Mon Feb 8 15:50:15 localhost:8888 REQUEST IN GET URI : /2eme_annee/Orchestra2/web/
Mon Feb 8 15:50:15 localhost:8888 REQUEST IN GET URI : /2eme_annee/Orchestra2/web/
Mon Feb 8 15:50:16 localhost:8888 REQUEST IN GET URI : /2eme_annee/Orchestra2/web/
Mon Feb 8 15:50:18 localhost:8888 REQUEST IN GET URI : /2eme_annee/Orchestra2/web/login
Mon Feb 8 15:55:19 localhost:8888 REQUEST IN GET URI : /2eme_annee/Orchestra2/web/login
Mon Feb 8 15:55:22 localhost:8888 REQUEST IN GET URI : /2eme_annee/Orchestra2/web/contact
Mon Feb 8 15:55:24 localhost:8888 REQUEST IN GET URI : /2eme_annee/Orchestra2/web/home
Mon Feb 8 15:55:26 localhost:8888 REQUEST IN GET URI : /2eme_annee/Orchestra2/web/
Mon Feb 8 16:38:23 localhost:8888 REQUEST IN GET URI : /2eme_annee/Orchestra2/web/
Mon Feb 8 16:38:32 localhost:8888 REQUEST IN GET URI : /2eme_annee/Orchestra2/web/
Mon Feb 8 16:38:33 localhost:8888 REQUEST IN GET URI : /2eme_annee/Orchestra2/web/
Mon Feb 8 16:38:54 localhost:8888 REQUEST IN GET URI : /2eme_annee/Orchestra2/web/
Mon Feb 8 16:41:52 localhost:8888 REQUEST IN GET URI : /2eme_annee/Orchestra2/web/
Mon Feb 8 16:42:04 localhost:8888 REQUEST IN GET URI : /2eme_annee/Orchestra2/web/
Mon Feb 8 16:42:23 localhost:8888 REQUEST IN GET URI : /2eme_annee/Orchestra2/web/
Mon Feb 8 16:42:26 localhost:8888 REQUEST IN GET URI : /2eme_annee/Orchestra2/web/
Mon Feb 8 16:42:31 localhost:8888 REQUEST IN GET URI : /2eme_annee/Orchestra2/web/contact
Mon Feb 8 16:43:04 localhost:8888 REQUEST IN GET URI : /2eme_annee/Orchestra2/web/
Mon Feb 8 16:43:29 localhost:8888 REQUEST IN GET URI : /2eme_annee/Orchestra2/web/
Mon Feb 8 16:43:42 localhost:8888 REQUEST IN GET URI : /2eme_annee/Orchestra2/web/
Mon Feb 8 16:43:45 localhost:8888 REQUEST IN GET URI : /2eme_annee/Orchestra2/web/contact
Mon Feb 8 16:43:49 localhost:8888 REQUEST IN GET URI : /2eme_annee/Orchestra2/web/contact
Mon Feb 8 16:44:52 localhost:8888 REQUEST IN GET URI : /2eme_annee/Orchestra2/web/contact
Mon Feb 8 16:45:00 localhost:8888 REQUEST IN GET URI : /2eme_annee/Orchestra2/web/contact
Mon Feb 8 16:47:27 localhost:8888 REQUEST IN GET URI : /2eme_annee/Orchestra2/web/contact
Mon Feb 8 16:47:30 localhost:8888 REQUEST IN GET URI : /2eme_annee/Orchestra2/web/
Mon Feb 8 16:47:57 localhost:8888 REQUEST IN GET URI : /2eme_annee/Orchestra2/web/contact
Mon Feb 8 16:47:59 localhost:8888 REQUEST IN GET URI : /2eme_annee/Orchestra2/web/contact
Mon Feb 8 16:48:02 localhost:8888 REQUEST IN GET URI : /2eme_annee/Orchestra2/web/
Mon Feb 8 16:48:07 localhost:8888 REQUEST IN GET URI : /2eme_annee/Orchestra2/web/
Mon Feb 8 16:49:03 localhost:8888 REQUEST IN GET URI : /2eme_annee/Orchestra2/web/
Mon Feb 8 16:51:09 localhost:8888 REQUEST IN GET URI : /2eme_annee/Orchestra2/web/
Mon Feb 8 16:51:11 localhost:8888 REQUEST IN GET URI : /2eme_annee/Orchestra2/web/
Mon Feb 8 16:51:23 localhost:8888 REQUEST IN GET URI : /2eme_annee/Orchestra2/web/
Mon Feb 8 16:52:17 localhost:8888 REQUEST IN GET URI : /2eme_annee/Orchestra2/web/
Mon Feb 8 16:52:18 localhost:8888 REQUEST IN GET URI : /2eme_annee/Orchestra2/web/
Mon Feb 8 16:52:18 localhost:8888 REQUEST IN GET URI : /2eme_annee/Orchestra2/web/
Mon Feb 8 16:52:18 localhost:8888 REQUEST IN GET URI : /2eme_annee/Orchestra2/web/
Mon Feb 8 16:52:27 localhost:8888 REQUEST IN GET URI : /2eme_annee/Orchestra2/web/
Mon Feb 8 16:52:28 localhost:8888 REQUEST IN GET URI : /2eme_annee/Orchestra2/web/
Mon Feb 8 16:52:28 localhost:8888 REQUEST IN GET URI : /2eme_annee/Orchestra2/web/
Mon Feb 8 16:54:24 localhost:8888 REQUEST IN GET URI : /2eme_annee/Orchestra2/web/
Mon Feb 8 16:54:33 localhost:8888 REQUEST IN GET URI : /2eme_annee/Orchestra2/web/
Mon Feb 8 16:54:34 localhost:8888 REQUEST IN GET URI : /2eme_annee/Orchestra2/web/
Mon Feb 8 16:54:34 localhost:8888 REQUEST IN GET URI : /2eme_annee/Orchestra2/web/
Mon Feb 8 16:54:34 localhost:8888 REQUEST IN GET URI : /2eme_annee/Orchestra2/web/
Mon Feb 8 16:54:34 localhost:8888 REQUEST IN GET URI : /2eme_annee/Orchestra2/web/
Mon Feb 8 16:54:38 localhost:8888 REQUEST IN GET URI : /2eme_annee/Orchestra2/web/
Mon Feb 8 16:55:03 localhost:8888 REQUEST IN GET URI : /2eme_annee/Orchestra2/web/
Mon Feb 8 16:55:26 localhost:8888 REQUEST IN GET URI : /2eme_annee/Orchestra2/web/
Mon Feb 8 16:55:46 localhost:8888 REQUEST IN GET URI : /2eme_annee/Orchestra2/web/
Mon Feb 8 16:55:47 localhost:8888 REQUEST IN GET URI : /2eme_annee/Orchestra2/web/
Mon Feb 8 17:00:02 localhost:8888 REQUEST IN GET URI : /2eme_annee/Orchestra2/web/
Mon Feb 8 17:00:22 localhost:8888 REQUEST IN GET URI : /2eme_annee/Orchestra2/web/
Mon Feb 8 17:03:20 localhost:8888 REQUEST IN GET URI : /2eme_annee/Orchestra2/web/
Mon Feb 8 17:03:22 localhost:8888 REQUEST IN GET URI : /2eme_annee/Orchestra2/web/
Mon Feb 8 17:03:39 localhost:8888 REQUEST IN GET URI : /2eme_annee/Orchestra2/web/
Mon Feb 8 17:04:21 localhost:8888 REQUEST IN GET URI : /2eme_annee/Orchestra2/web/
Mon Feb 8 17:04:23 localhost:8888 REQUEST IN GET URI : /2eme_annee/Orchestra2/web/
Mon Feb 8 17:05:45 localhost:8888 REQUEST IN GET URI : /2eme_annee/Orchestra2/web/
Mon Feb 8 17:05:52 localhost:8888 REQUEST IN GET URI : /2eme_annee/Orchestra2/web/
Mon Feb 8 17:05:56 localhost:8888 REQUEST IN GET URI : /2eme_annee/Orchestra2/web/
Mon Feb 8 17:09:29 localhost:8888 REQUEST IN GET URI : /2eme_annee/Orchestra2/web/
Mon Feb 8 17:09:52 localhost:8888 REQUEST IN GET URI : /2eme_annee/Orchestra2/web/
Mon Feb 8 17:10:00 localhost:8888 REQUEST IN GET URI : /2eme_annee/Orchestra2/web/
Mon Feb 8 17:10:46 localhost:8888 REQUEST IN GET URI : /2eme_annee/Orchestra2/web/
Mon Feb 8 17:10:47 localhost:8888 REQUEST IN GET URI : /2eme_annee/Orchestra2/web/
Mon Feb 8 17:10:50 localhost:8888 REQUEST IN GET URI : /2eme_annee/Orchestra2/web/
Mon Feb 8 17:10:54 localhost:8888 REQUEST IN GET URI : /2eme_annee/Orchestra2/web/contact
Mon Feb 8 17:11:20 localhost:8888 REQUEST IN GET URI : /2eme_annee/Orchestra2/web/contact
Mon Feb 8 17:11:38 localhost:8888 REQUEST IN GET URI : /2eme_annee/Orchestra2/web/contact
Mon Feb 8 17:20:55 localhost:8888 REQUEST IN GET URI : /2eme_annee/Orchestra2/web/contact
Mon Feb 8 17:20:59 localhost:8888 REQUEST IN GET URI : /2eme_annee/Orchestra2/web/
Mon Feb 8 17:22:04 localhost:8888 REQUEST IN GET URI : /2eme_annee/Orchestra2/web/
Mon Feb 8 17:22:05 localhost:8888 REQUEST IN GET URI : /2eme_annee/Orchestra2/web/
Mon Feb 8 17:22:32 localhost:8888 REQUEST IN GET URI : /2eme_annee/Orchestra2/web/
Mon Feb 8 17:22:44 localhost:8888 REQUEST IN GET URI : /2eme_annee/Orchestra2/web/
Mon Feb 8 17:23:09 localhost:8888 REQUEST IN GET URI : /2eme_annee/Orchestra2/web/
Mon Feb 8 17:23:10 localhost:8888 REQUEST IN GET URI : /2eme_annee/Orchestra2/web/
Mon Feb 8 17:23:56 localhost:8888 REQUEST IN GET URI : /2eme_annee/Orchestra2/web/
Mon Feb 8 17:24:32 localhost:8888 REQUEST IN GET URI : /2eme_annee/Orchestra2/web/
Mon Feb 8 17:26:24 localhost:8888 REQUEST IN GET URI : /2eme_annee/Orchestra2/web/
Mon Feb 8 17:27:57 localhost:8888 REQUEST IN GET URI : /2eme_annee/Orchestra2/web/
Mon Feb 8 17:28:32 localhost:8888 REQUEST IN GET URI : /2eme_annee/Orchestra2/web/
Mon Feb 8 17:31:18 localhost:8888 REQUEST IN GET URI : /2eme_annee/Orchestra2/web/
Mon Feb 8 17:31:21 localhost:8888 REQUEST IN GET URI : /2eme_annee/Orchestra2/web/login
Mon Feb 8 17:31:25 localhost:8888 REQUEST IN GET URI : /2eme_annee/Orchestra2/web/
Mon Feb 8 20:49:38 localhost:8888 REQUEST IN GET URI : /2eme_annee/Orchestra2/web/
Mon Feb 8 20:49:42 localhost:8888 REQUEST IN GET URI : /2eme_annee/Orchestra2/web/wef
Mon Feb 8 20:51:17 localhost:8888 REQUEST IN GET URI : /2eme_annee/Orchestra2/web/ERROR
Mon Feb 8 20:52:13 localhost:8888 REQUEST IN GET URI : /2eme_annee/Orchestra2/web/ERROR
Mon Feb 8 20:52:27 localhost:8888 REQUEST IN GET URI : /2eme_annee/Orchestra2/web/ERROR
