Mon Feb 8 20:49:42 localhost:8888GET REQUEST IN INEXISTING URI : /2eme_annee/Orchestra2/web/wef
Mon Feb 8 20:51:17 localhost:8888 EXECUTE REQUEST GET IN INEXISTING URI : /2eme_annee/Orchestra2/web/ERROR
Mon Feb 8 20:52:13 localhost:8888 EXECUTE GET REQUEST, IN INEXISTING URI : /2eme_annee/Orchestra2/web/ERROR
Mon Feb 8 20:52:27 localhost:8888 EXECUTE GET REQUEST IN INEXISTING URI : /2eme_annee/Orchestra2/web/ERROR
Mon Feb 8 21:17:08 localhost:8888 EXECUTE GET REQUEST IN INEXISTING URI : /2eme_annee/Orchestra2/web/login
Tue Feb 9 10:59:29 localhost:8888 EXECUTE GET REQUEST IN INEXISTING URI : /2eme_annee/Orchestra2/web/bootstrap/dist/css/bootstrap.min.css
Tue Feb 9 10:59:29 localhost:8888 EXECUTE GET REQUEST IN INEXISTING URI : /2eme_annee/Orchestra2/web/bootstrap/dist/css/starter-template.css
Tue Feb 9 10:59:29 localhost:8888 EXECUTE GET REQUEST IN INEXISTING URI : /2eme_annee/Orchestra2/web/bootstrap/dist/js/bootstrap.min.js
Tue Feb 9 10:59:36 localhost:8888 EXECUTE GET REQUEST IN INEXISTING URI : /2eme_annee/Orchestra2/web/home
Tue Feb 9 10:59:36 localhost:8888 EXECUTE GET REQUEST IN INEXISTING URI : /2eme_annee/Orchestra2/web/bootstrap/dist/css/bootstrap.min.css
Tue Feb 9 10:59:36 localhost:8888 EXECUTE GET REQUEST IN INEXISTING URI : /2eme_annee/Orchestra2/web/bootstrap/dist/css/starter-template.css
Tue Feb 9 10:59:36 localhost:8888 EXECUTE GET REQUEST IN INEXISTING URI : /2eme_annee/Orchestra2/web/bootstrap/dist/js/bootstrap.min.js
Tue Feb 9 11:00:03 localhost:8888 EXECUTE GET REQUEST IN INEXISTING URI : /2eme_annee/Orchestra2/web/bootstrap/dist/css/bootstrap.min.css
Tue Feb 9 11:00:03 localhost:8888 EXECUTE GET REQUEST IN INEXISTING URI : /2eme_annee/Orchestra2/web/bootstrap/dist/css/starter-template.css
Tue Feb 9 11:00:03 localhost:8888 EXECUTE GET REQUEST IN INEXISTING URI : /2eme_annee/Orchestra2/web/bootstrap/dist/js/bootstrap.min.js
Tue Feb 9 11:05:59 localhost:8888 EXECUTE GET REQUEST IN INEXISTING URI : /2eme_annee/Orchestra2/web/login
Tue Feb 9 11:08:12 localhost:8888 EXECUTE GET REQUEST IN INEXISTING URI : /2eme_annee/Orchestra2/web/wfeopkf
Tue Feb 9 13:44:10 localhost:8888 EXECUTE GET REQUEST IN INEXISTING URI : /2eme_annee/Orchestra2/web/iojerg
Tue Feb 9 13:44:17 localhost:8888 EXECUTE GET REQUEST IN INEXISTING URI : /2eme_annee/Orchestra2/web/iojer
Tue Feb 9 14:03:26 localhost:8888 EXECUTE GET REQUEST IN INEXISTING URI : /2eme_annee/Orchestra2/web/accueil
Tue Feb 9 14:04:05 localhost:8888 EXECUTE GET REQUEST IN INEXISTING URI : /2eme_annee/Orchestra2/web/ewihger
Tue Feb 9 14:58:27 localhost:8888 EXECUTE GET REQUEST IN INEXISTING URI : /2eme_annee/Orchestra2/web/src/assets/dist/css/bootstrap.min.css
Tue Feb 9 14:58:27 localhost:8888 EXECUTE GET REQUEST IN INEXISTING URI : /2eme_annee/Orchestra2/web/src/assets/dist/css/starter-template.css
Tue Feb 9 14:58:28 localhost:8888 EXECUTE GET REQUEST IN INEXISTING URI : /2eme_annee/Orchestra2/web/src/assets/dist/css/bootstrap.min.css
Tue Feb 9 14:58:28 localhost:8888 EXECUTE GET REQUEST IN INEXISTING URI : /2eme_annee/Orchestra2/web/src/assets/dist/css/starter-template.css
Tue Feb 9 15:26:50 localhost:8888 EXECUTE GET REQUEST IN INEXISTING URI : /2eme_annee/Orchestra2/web/index.php
